<?xml version="1.0" encoding="UTF-8"?>
<testsuite xmlns:xsi="http://www.w3.org/2001/XMLSchema-instance" xsi:noNamespaceSchemaLocation="https://maven.apache.org/surefire/maven-surefire-plugin/xsd/surefire-test-report.xsd" name="ca.qc.dawsoncollege.threestones.AppTest" time="0.005" tests="1" errors="0" skipped="0" failures="0">
  <properties>
    <property name="awt.toolkit" value="sun.lwawt.macosx.LWCToolkit"/>
    <property name="java.specification.version" value="12"/>
    <property name="sun.jnu.encoding" value="UTF-8"/>
    <property name="java.class.path" value="/Users/saad/Desktop/3stones/3StonesServer/target/test-classes:/Users/saad/Desktop/3stones/3StonesServer/target/classes:/Users/saad/.m2/repository/org/slf4j/slf4j-api/1.7.26/slf4j-api-1.7.26.jar:/Users/saad/.m2/repository/org/apache/logging/log4j/log4j-slf4j-impl/2.12.0/log4j-slf4j-impl-2.12.0.jar:/Users/saad/.m2/repository/org/apache/logging/log4j/log4j-api/2.12.0/log4j-api-2.12.0.jar:/Users/saad/.m2/repository/org/apache/logging/log4j/log4j-core/2.12.0/log4j-core-2.12.0.jar:/Users/saad/.m2/repository/org/junit/jupiter/junit-jupiter-engine/5.5.1/junit-jupiter-engine-5.5.1.jar:/Users/saad/.m2/repository/org/apiguardian/apiguardian-api/1.1.0/apiguardian-api-1.1.0.jar:/Users/saad/.m2/repository/org/junit/platform/junit-platform-engine/1.5.1/junit-platform-engine-1.5.1.jar:/Users/saad/.m2/repository/org/opentest4j/opentest4j/1.2.0/opentest4j-1.2.0.jar:/Users/saad/.m2/repository/org/junit/platform/junit-platform-commons/1.5.1/junit-platform-commons-1.5.1.jar:/Users/saad/.m2/repository/org/junit/jupiter/junit-jupiter-api/5.5.1/junit-jupiter-api-5.5.1.jar:/Users/saad/.m2/repository/org/junit/vintage/junit-vintage-engine/5.5.1/junit-vintage-engine-5.5.1.jar:/Users/saad/.m2/repository/junit/junit/4.12/junit-4.12.jar:/Users/saad/.m2/repository/org/hamcrest/hamcrest-core/1.3/hamcrest-core-1.3.jar:/Users/saad/.m2/repository/org/openjfx/javafx-graphics/12.0.2/javafx-graphics-12.0.2-win.jar:/Users/saad/.m2/repository/org/openjfx/javafx-graphics/12.0.2/javafx-graphics-12.0.2-mac.jar:/Users/saad/.m2/repository/org/openjfx/javafx-controls/12.0.2/javafx-controls-12.0.2.jar:/Users/saad/.m2/repository/org/openjfx/javafx-controls/12.0.2/javafx-controls-12.0.2-mac.jar:/Users/saad/.m2/repository/org/openjfx/javafx-graphics/12.0.2/javafx-graphics-12.0.2.jar:/Users/saad/.m2/repository/org/openjfx/javafx-base/12.0.2/javafx-base-12.0.2.jar:/Users/saad/.m2/repository/org/openjfx/javafx-base/12.0.2/javafx-base-12.0.2-mac.jar:/Users/saad/.m2/repository/org/openjfx/javafx-fxml/12.0.2/javafx-fxml-12.0.2.jar:/Users/saad/.m2/repository/org/openjfx/javafx-fxml/12.0.2/javafx-fxml-12.0.2-mac.jar:/Users/saad/.m2/repository/org/openjfx/javafx-web/12.0.2/javafx-web-12.0.2.jar:/Users/saad/.m2/repository/org/openjfx/javafx-web/12.0.2/javafx-web-12.0.2-mac.jar:/Users/saad/.m2/repository/org/openjfx/javafx-media/12.0.2/javafx-media-12.0.2.jar:/Users/saad/.m2/repository/org/openjfx/javafx-media/12.0.2/javafx-media-12.0.2-mac.jar:"/>
    <property name="java.vm.vendor" value="Oracle Corporation"/>
    <property name="sun.arch.data.model" value="64"/>
    <property name="java.vendor.url" value="https://java.oracle.com/"/>
    <property name="os.name" value="Mac OS X"/>
    <property name="java.vm.specification.version" value="12"/>
    <property name="sun.java.launcher" value="SUN_STANDARD"/>
    <property name="user.country" value="CA"/>
    <property name="sun.boot.library.path" value="/Library/Java/JavaVirtualMachines/jdk-12.0.1.jdk/Contents/Home/lib"/>
    <property name="sun.java.command" value="/Users/saad/Desktop/3stones/3StonesServer/target/surefire/surefirebooter9211389733023274397.jar /Users/saad/Desktop/3stones/3StonesServer/target/surefire 2019-10-05T11-08-19_846-jvmRun1 surefire8539622138188678638tmp surefire_03251439188330024586tmp"/>
    <property name="http.nonProxyHosts" value="local|*.local|169.254/16|*.169.254/16"/>
    <property name="jdk.debug" value="release"/>
    <property name="surefire.test.class.path" value="/Users/saad/Desktop/3stones/3StonesServer/target/test-classes:/Users/saad/Desktop/3stones/3StonesServer/target/classes:/Users/saad/.m2/repository/org/slf4j/slf4j-api/1.7.26/slf4j-api-1.7.26.jar:/Users/saad/.m2/repository/org/apache/logging/log4j/log4j-slf4j-impl/2.12.0/log4j-slf4j-impl-2.12.0.jar:/Users/saad/.m2/repository/org/apache/logging/log4j/log4j-api/2.12.0/log4j-api-2.12.0.jar:/Users/saad/.m2/repository/org/apache/logging/log4j/log4j-core/2.12.0/log4j-core-2.12.0.jar:/Users/saad/.m2/repository/org/junit/jupiter/junit-jupiter-engine/5.5.1/junit-jupiter-engine-5.5.1.jar:/Users/saad/.m2/repository/org/apiguardian/apiguardian-api/1.1.0/apiguardian-api-1.1.0.jar:/Users/saad/.m2/repository/org/junit/platform/junit-platform-engine/1.5.1/junit-platform-engine-1.5.1.jar:/Users/saad/.m2/repository/org/opentest4j/opentest4j/1.2.0/opentest4j-1.2.0.jar:/Users/saad/.m2/repository/org/junit/platform/junit-platform-commons/1.5.1/junit-platform-commons-1.5.1.jar:/Users/saad/.m2/repository/org/junit/jupiter/junit-jupiter-api/5.5.1/junit-jupiter-api-5.5.1.jar:/Users/saad/.m2/repository/org/junit/vintage/junit-vintage-engine/5.5.1/junit-vintage-engine-5.5.1.jar:/Users/saad/.m2/repository/junit/junit/4.12/junit-4.12.jar:/Users/saad/.m2/repository/org/hamcrest/hamcrest-core/1.3/hamcrest-core-1.3.jar:/Users/saad/.m2/repository/org/openjfx/javafx-graphics/12.0.2/javafx-graphics-12.0.2-win.jar:/Users/saad/.m2/repository/org/openjfx/javafx-graphics/12.0.2/javafx-graphics-12.0.2-mac.jar:/Users/saad/.m2/repository/org/openjfx/javafx-controls/12.0.2/javafx-controls-12.0.2.jar:/Users/saad/.m2/repository/org/openjfx/javafx-controls/12.0.2/javafx-controls-12.0.2-mac.jar:/Users/saad/.m2/repository/org/openjfx/javafx-graphics/12.0.2/javafx-graphics-12.0.2.jar:/Users/saad/.m2/repository/org/openjfx/javafx-base/12.0.2/javafx-base-12.0.2.jar:/Users/saad/.m2/repository/org/openjfx/javafx-base/12.0.2/javafx-base-12.0.2-mac.jar:/Users/saad/.m2/repository/org/openjfx/javafx-fxml/12.0.2/javafx-fxml-12.0.2.jar:/Users/saad/.m2/repository/org/openjfx/javafx-fxml/12.0.2/javafx-fxml-12.0.2-mac.jar:/Users/saad/.m2/repository/org/openjfx/javafx-web/12.0.2/javafx-web-12.0.2.jar:/Users/saad/.m2/repository/org/openjfx/javafx-web/12.0.2/javafx-web-12.0.2-mac.jar:/Users/saad/.m2/repository/org/openjfx/javafx-media/12.0.2/javafx-media-12.0.2.jar:/Users/saad/.m2/repository/org/openjfx/javafx-media/12.0.2/javafx-media-12.0.2-mac.jar:"/>
    <property name="sun.cpu.endian" value="little"/>
    <property name="user.home" value="/Users/saad"/>
    <property name="user.language" value="en"/>
    <property name="java.specification.vendor" value="Oracle Corporation"/>
    <property name="java.version.date" value="2019-04-16"/>
    <property name="java.home" value="/Library/Java/JavaVirtualMachines/jdk-12.0.1.jdk/Contents/Home"/>
    <property name="file.separator" value="/"/>
    <property name="basedir" value="/Users/saad/Desktop/3stones/3StonesServer"/>
    <property name="java.vm.compressedOopsMode" value="Zero based"/>
    <property name="line.separator" value="&#10;"/>
    <property name="idea.version2019.2.3" value="true"/>
    <property name="java.vm.specification.vendor" value="Oracle Corporation"/>
    <property name="java.specification.name" value="Java Platform API Specification"/>
    <property name="java.awt.graphicsenv" value="sun.awt.CGraphicsEnvironment"/>
    <property name="surefire.real.class.path" value="/Users/saad/Desktop/3stones/3StonesServer/target/surefire/surefirebooter9211389733023274397.jar"/>
    <property name="sun.management.compiler" value="HotSpot 64-Bit Tiered Compilers"/>
    <property name="ftp.nonProxyHosts" value="local|*.local|169.254/16|*.169.254/16"/>
    <property name="java.runtime.version" value="12.0.1+12"/>
    <property name="user.name" value="saad"/>
    <property name="path.separator" value=":"/>
    <property name="os.version" value="10.14.6"/>
    <property name="java.runtime.name" value="Java(TM) SE Runtime Environment"/>
    <property name="file.encoding" value="UTF-8"/>
    <property name="java.vm.name" value="Java HotSpot(TM) 64-Bit Server VM"/>
    <property name="localRepository" value="/Users/saad/.m2/repository"/>
    <property name="java.vendor.url.bug" value="https://bugreport.java.com/bugreport/"/>
    <property name="java.io.tmpdir" value="/var/folders/4y/r55jhvgn6vj869jlrx4xvgyr0000gp/T/"/>
    <property name="java.version" value="12.0.1"/>
    <property name="user.dir" value="/Users/saad/Desktop/3stones/3StonesServer"/>
    <property name="os.arch" value="x86_64"/>
    <property name="java.vm.specification.name" value="Java Virtual Machine Specification"/>
    <property name="java.library.path" value="/Users/saad/Library/Java/Extensions:/Library/Java/Extensions:/Network/Library/Java/Extensions:/System/Library/Java/Extensions:/usr/lib/java:."/>
    <property name="java.vm.info" value="mixed mode, sharing"/>
    <property name="java.vendor" value="Oracle Corporation"/>
    <property name="java.vm.version" value="12.0.1+12"/>
    <property name="sun.io.unicode.encoding" value="UnicodeBig"/>
    <property name="socksNonProxyHosts" value="local|*.local|169.254/16|*.169.254/16"/>
    <property name="java.class.version" value="56.0"/>
  </properties>
  <testcase name="testApp" classname="ca.qc.dawsoncollege.threestones.AppTest" time="0"/>
</testsuite>